<?xml version="1.0" encoding="UTF-8"?>
<testng-results skipped="0" failed="0" ignored="0" total="9" passed="9">
  <reporter-output>
  </reporter-output>
  <suite name="Default suite" duration-ms="33130" started-at="2021-09-17T09:12:48 IST" finished-at="2021-09-17T09:13:21 IST">
    <groups>
    </groups>
    <test name="Default test" duration-ms="33130" started-at="2021-09-17T09:12:48 IST" finished-at="2021-09-17T09:13:21 IST">
      <class name="com.sgtesting.dataprovider.Assgn4">
        <test-method status="PASS" signature="launchBrowser()[pri:1, instance:com.sgtesting.dataprovider.Assgn4@184f6be2]" name="launchBrowser" duration-ms="3784" started-at="2021-09-17T09:12:48 IST" finished-at="2021-09-17T09:12:51 IST">
          <reporter-output>
          </reporter-output>
        </test-method> <!-- launchBrowser -->
        <test-method status="PASS" signature="navigate()[pri:2, instance:com.sgtesting.dataprovider.Assgn4@184f6be2]" name="navigate" duration-ms="6490" started-at="2021-09-17T09:12:51 IST" finished-at="2021-09-17T09:12:58 IST">
          <reporter-output>
          </reporter-output>
        </test-method> <!-- navigate -->
        <test-method status="PASS" signature="login(java.lang.String,java.lang.String)[pri:3, instance:com.sgtesting.dataprovider.Assgn4@184f6be2]" name="login" duration-ms="9211" started-at="2021-09-17T09:12:58 IST" data-provider="getLoginData" finished-at="2021-09-17T09:13:07 IST">
          <params>
            <param index="0">
              <value>
                <![CDATA[admin]]>
              </value>
            </param>
            <param index="1">
              <value>
                <![CDATA[manager]]>
              </value>
            </param>
          </params>
          <reporter-output>
          </reporter-output>
        </test-method> <!-- login -->
        <test-method status="PASS" signature="login(java.lang.String,java.lang.String)[pri:3, instance:com.sgtesting.dataprovider.Assgn4@184f6be2]" name="login" duration-ms="7707" started-at="2021-09-17T09:13:07 IST" data-provider="getLoginData" finished-at="2021-09-17T09:13:15 IST">
          <params>
            <param index="0">
              <value>
                <![CDATA[admin]]>
              </value>
            </param>
            <param index="1">
              <value>
                <![CDATA[manager]]>
              </value>
            </param>
          </params>
          <reporter-output>
          </reporter-output>
        </test-method> <!-- login -->
        <test-method status="PASS" signature="login(java.lang.String,java.lang.String)[pri:3, instance:com.sgtesting.dataprovider.Assgn4@184f6be2]" name="login" duration-ms="42" started-at="2021-09-17T09:13:15 IST" data-provider="getLoginData" finished-at="2021-09-17T09:13:15 IST">
          <params>
            <param index="0">
              <value>
                <![CDATA[admin]]>
              </value>
            </param>
            <param index="1">
              <value>
                <![CDATA[manager]]>
              </value>
            </param>
          </params>
          <reporter-output>
          </reporter-output>
        </test-method> <!-- login -->
        <test-method status="PASS" signature="createCustomer()[pri:4, instance:com.sgtesting.dataprovider.Assgn4@184f6be2]" name="createCustomer" duration-ms="2830" started-at="2021-09-17T09:13:15 IST" finished-at="2021-09-17T09:13:18 IST">
          <reporter-output>
          </reporter-output>
        </test-method> <!-- createCustomer -->
        <test-method status="PASS" signature="deleteCustomer()[pri:5, instance:com.sgtesting.dataprovider.Assgn4@184f6be2]" name="deleteCustomer" duration-ms="45" started-at="2021-09-17T09:13:18 IST" finished-at="2021-09-17T09:13:18 IST">
          <reporter-output>
          </reporter-output>
        </test-method> <!-- deleteCustomer -->
        <test-method status="PASS" signature="deleteCustmer()[pri:6, instance:com.sgtesting.dataprovider.Assgn4@184f6be2]" name="deleteCustmer" duration-ms="2701" started-at="2021-09-17T09:13:18 IST" finished-at="2021-09-17T09:13:20 IST">
          <reporter-output>
          </reporter-output>
        </test-method> <!-- deleteCustmer -->
        <test-method status="PASS" signature="closeApplication()[pri:7, instance:com.sgtesting.dataprovider.Assgn4@184f6be2]" name="closeApplication" duration-ms="223" started-at="2021-09-17T09:13:20 IST" finished-at="2021-09-17T09:13:21 IST">
          <reporter-output>
          </reporter-output>
        </test-method> <!-- closeApplication -->
      </class> <!-- com.sgtesting.dataprovider.Assgn4 -->
    </test> <!-- Default test -->
  </suite> <!-- Default suite -->
</testng-results>
